C:\USERS\ENVY 15.ENVY\DOCUMENTS\SCHOOL WORK\SEMESTER 4\DM2240 AGDEV (GIT)\DM2231_FRAMEWORK\BASE\DEBUG\AMMOCRATE.OBJ
C:\USERS\ENVY 15.ENVY\DOCUMENTS\SCHOOL WORK\SEMESTER 4\DM2240 AGDEV (GIT)\DM2231_FRAMEWORK\BASE\DEBUG\APPLICATION.OBJ
C:\USERS\ENVY 15.ENVY\DOCUMENTS\SCHOOL WORK\SEMESTER 4\DM2240 AGDEV (GIT)\DM2231_FRAMEWORK\BASE\DEBUG\BASE.EXE.INTERMEDIATE.MANIFEST
C:\USERS\ENVY 15.ENVY\DOCUMENTS\SCHOOL WORK\SEMESTER 4\DM2240 AGDEV (GIT)\DM2231_FRAMEWORK\BASE\DEBUG\CAMERA.OBJ
C:\USERS\ENVY 15.ENVY\DOCUMENTS\SCHOOL WORK\SEMESTER 4\DM2240 AGDEV (GIT)\DM2231_FRAMEWORK\BASE\DEBUG\CAMERA2.OBJ
C:\USERS\ENVY 15.ENVY\DOCUMENTS\SCHOOL WORK\SEMESTER 4\DM2240 AGDEV (GIT)\DM2231_FRAMEWORK\BASE\DEBUG\CAMERA3.OBJ
C:\USERS\ENVY 15.ENVY\DOCUMENTS\SCHOOL WORK\SEMESTER 4\DM2240 AGDEV (GIT)\DM2231_FRAMEWORK\BASE\DEBUG\CHARACTER.OBJ
C:\USERS\ENVY 15.ENVY\DOCUMENTS\SCHOOL WORK\SEMESTER 4\DM2240 AGDEV (GIT)\DM2231_FRAMEWORK\BASE\DEBUG\ENTITY.OBJ
C:\USERS\ENVY 15.ENVY\DOCUMENTS\SCHOOL WORK\SEMESTER 4\DM2240 AGDEV (GIT)\DM2231_FRAMEWORK\BASE\DEBUG\GDEV_ASSIGNMENT01.OBJ
C:\USERS\ENVY 15.ENVY\DOCUMENTS\SCHOOL WORK\SEMESTER 4\DM2240 AGDEV (GIT)\DM2231_FRAMEWORK\BASE\DEBUG\LOADHMAP.OBJ
C:\USERS\ENVY 15.ENVY\DOCUMENTS\SCHOOL WORK\SEMESTER 4\DM2240 AGDEV (GIT)\DM2231_FRAMEWORK\BASE\DEBUG\LOADOBJ.OBJ
C:\USERS\ENVY 15.ENVY\DOCUMENTS\SCHOOL WORK\SEMESTER 4\DM2240 AGDEV (GIT)\DM2231_FRAMEWORK\BASE\DEBUG\LOADTGA.OBJ
C:\USERS\ENVY 15.ENVY\DOCUMENTS\SCHOOL WORK\SEMESTER 4\DM2240 AGDEV (GIT)\DM2231_FRAMEWORK\BASE\DEBUG\MAIN.OBJ
C:\USERS\ENVY 15.ENVY\DOCUMENTS\SCHOOL WORK\SEMESTER 4\DM2240 AGDEV (GIT)\DM2231_FRAMEWORK\BASE\DEBUG\MESH.OBJ
C:\USERS\ENVY 15.ENVY\DOCUMENTS\SCHOOL WORK\SEMESTER 4\DM2240 AGDEV (GIT)\DM2231_FRAMEWORK\BASE\DEBUG\MESHBUILDER.OBJ
C:\USERS\ENVY 15.ENVY\DOCUMENTS\SCHOOL WORK\SEMESTER 4\DM2240 AGDEV (GIT)\DM2231_FRAMEWORK\BASE\DEBUG\MINIMAP.OBJ
C:\USERS\ENVY 15.ENVY\DOCUMENTS\SCHOOL WORK\SEMESTER 4\DM2240 AGDEV (GIT)\DM2231_FRAMEWORK\BASE\DEBUG\OBJ.OBJ
C:\USERS\ENVY 15.ENVY\DOCUMENTS\SCHOOL WORK\SEMESTER 4\DM2240 AGDEV (GIT)\DM2231_FRAMEWORK\BASE\DEBUG\PROJECTILE.OBJ
C:\USERS\ENVY 15.ENVY\DOCUMENTS\SCHOOL WORK\SEMESTER 4\DM2240 AGDEV (GIT)\DM2231_FRAMEWORK\BASE\DEBUG\SCENEBASE.OBJ
C:\USERS\ENVY 15.ENVY\DOCUMENTS\SCHOOL WORK\SEMESTER 4\DM2240 AGDEV (GIT)\DM2231_FRAMEWORK\BASE\DEBUG\SCENETERRAIN.OBJ
C:\USERS\ENVY 15.ENVY\DOCUMENTS\SCHOOL WORK\SEMESTER 4\DM2240 AGDEV (GIT)\DM2231_FRAMEWORK\BASE\DEBUG\SHADER.OBJ
C:\USERS\ENVY 15.ENVY\DOCUMENTS\SCHOOL WORK\SEMESTER 4\DM2240 AGDEV (GIT)\DM2231_FRAMEWORK\BASE\DEBUG\SPRITEANIMATION.OBJ
C:\USERS\ENVY 15.ENVY\DOCUMENTS\SCHOOL WORK\SEMESTER 4\DM2240 AGDEV (GIT)\DM2231_FRAMEWORK\BASE\DEBUG\TARGET.OBJ
C:\USERS\ENVY 15.ENVY\DOCUMENTS\SCHOOL WORK\SEMESTER 4\DM2240 AGDEV (GIT)\DM2231_FRAMEWORK\BASE\DEBUG\UTILITY.OBJ
C:\USERS\ENVY 15.ENVY\DOCUMENTS\SCHOOL WORK\SEMESTER 4\DM2240 AGDEV (GIT)\DM2231_FRAMEWORK\BASE\DEBUG\VC100.PDB
C:\USERS\ENVY 15.ENVY\DOCUMENTS\SCHOOL WORK\SEMESTER 4\DM2240 AGDEV (GIT)\DM2231_FRAMEWORK\BASE\DEBUG\WEAPON.OBJ
C:\USERS\ENVY 15.ENVY\DOCUMENTS\SCHOOL WORK\SEMESTER 4\DM2240 AGDEV (GIT)\DM2231_FRAMEWORK\DEBUG\BASE.EXE
C:\USERS\ENVY 15.ENVY\DOCUMENTS\SCHOOL WORK\SEMESTER 4\DM2240 AGDEV (GIT)\DM2231_FRAMEWORK\DEBUG\BASE.PDB
C:\USERS\KOH FANG SHU\DESKTOP\ADV-GDEV\DM2231_FRAMEWORK\BASE\DEBUG\AMMOCRATE.OBJ
C:\USERS\KOH FANG SHU\DESKTOP\ADV-GDEV\DM2231_FRAMEWORK\BASE\DEBUG\APPLICATION.OBJ
C:\USERS\KOH FANG SHU\DESKTOP\ADV-GDEV\DM2231_FRAMEWORK\BASE\DEBUG\BASE.EXE.INTERMEDIATE.MANIFEST
C:\USERS\KOH FANG SHU\DESKTOP\ADV-GDEV\DM2231_FRAMEWORK\BASE\DEBUG\CAMERA.OBJ
C:\USERS\KOH FANG SHU\DESKTOP\ADV-GDEV\DM2231_FRAMEWORK\BASE\DEBUG\CAMERA2.OBJ
C:\USERS\KOH FANG SHU\DESKTOP\ADV-GDEV\DM2231_FRAMEWORK\BASE\DEBUG\CAMERA3.OBJ
C:\USERS\KOH FANG SHU\DESKTOP\ADV-GDEV\DM2231_FRAMEWORK\BASE\DEBUG\CHARACTER.OBJ
C:\Users\Koh Fang Shu\Desktop\Adv-GDev\DM2231_Framework\Base\Debug\cl.command.1.tlog
C:\Users\Koh Fang Shu\Desktop\Adv-GDev\DM2231_Framework\Base\Debug\CL.read.1.tlog
C:\Users\Koh Fang Shu\Desktop\Adv-GDev\DM2231_Framework\Base\Debug\CL.write.1.tlog
C:\USERS\KOH FANG SHU\DESKTOP\ADV-GDEV\DM2231_FRAMEWORK\BASE\DEBUG\COLLIDER.OBJ
C:\USERS\KOH FANG SHU\DESKTOP\ADV-GDEV\DM2231_FRAMEWORK\BASE\DEBUG\ENTITY.OBJ
C:\USERS\KOH FANG SHU\DESKTOP\ADV-GDEV\DM2231_FRAMEWORK\BASE\DEBUG\GAMEOBJECT.OBJ
C:\USERS\KOH FANG SHU\DESKTOP\ADV-GDEV\DM2231_FRAMEWORK\BASE\DEBUG\GDEV_ASSIGNMENT01.OBJ
C:\Users\Koh Fang Shu\Desktop\Adv-GDev\DM2231_Framework\Base\Debug\link.command.1.tlog
C:\Users\Koh Fang Shu\Desktop\Adv-GDev\DM2231_Framework\Base\Debug\link.read.1.tlog
C:\Users\Koh Fang Shu\Desktop\Adv-GDev\DM2231_Framework\Base\Debug\link.write.1.tlog
C:\USERS\KOH FANG SHU\DESKTOP\ADV-GDEV\DM2231_FRAMEWORK\BASE\DEBUG\LOADHMAP.OBJ
C:\USERS\KOH FANG SHU\DESKTOP\ADV-GDEV\DM2231_FRAMEWORK\BASE\DEBUG\LOADOBJ.OBJ
C:\USERS\KOH FANG SHU\DESKTOP\ADV-GDEV\DM2231_FRAMEWORK\BASE\DEBUG\LOADTGA.OBJ
C:\USERS\KOH FANG SHU\DESKTOP\ADV-GDEV\DM2231_FRAMEWORK\BASE\DEBUG\MAIN.OBJ
C:\USERS\KOH FANG SHU\DESKTOP\ADV-GDEV\DM2231_FRAMEWORK\BASE\DEBUG\MESH.OBJ
C:\USERS\KOH FANG SHU\DESKTOP\ADV-GDEV\DM2231_FRAMEWORK\BASE\DEBUG\MESHBUILDER.OBJ
C:\USERS\KOH FANG SHU\DESKTOP\ADV-GDEV\DM2231_FRAMEWORK\BASE\DEBUG\MINIMAP.OBJ
C:\Users\Koh Fang Shu\Desktop\Adv-GDev\DM2231_Framework\Base\Debug\mt.command.1.tlog
C:\Users\Koh Fang Shu\Desktop\Adv-GDev\DM2231_Framework\Base\Debug\mt.read.1.tlog
C:\Users\Koh Fang Shu\Desktop\Adv-GDev\DM2231_Framework\Base\Debug\mt.write.1.tlog
C:\USERS\KOH FANG SHU\DESKTOP\ADV-GDEV\DM2231_FRAMEWORK\BASE\DEBUG\OBJ.OBJ
C:\USERS\KOH FANG SHU\DESKTOP\ADV-GDEV\DM2231_FRAMEWORK\BASE\DEBUG\OBJECT.OBJ
C:\USERS\KOH FANG SHU\DESKTOP\ADV-GDEV\DM2231_FRAMEWORK\BASE\DEBUG\PROJECTILE.OBJ
C:\USERS\KOH FANG SHU\DESKTOP\ADV-GDEV\DM2231_FRAMEWORK\BASE\DEBUG\SCENEBASE.OBJ
C:\USERS\KOH FANG SHU\DESKTOP\ADV-GDEV\DM2231_FRAMEWORK\BASE\DEBUG\SCENETERRAIN.OBJ
C:\USERS\KOH FANG SHU\DESKTOP\ADV-GDEV\DM2231_FRAMEWORK\BASE\DEBUG\SHADER.OBJ
C:\USERS\KOH FANG SHU\DESKTOP\ADV-GDEV\DM2231_FRAMEWORK\BASE\DEBUG\SPRITEANIMATION.OBJ
C:\USERS\KOH FANG SHU\DESKTOP\ADV-GDEV\DM2231_FRAMEWORK\BASE\DEBUG\TARGET.OBJ
C:\USERS\KOH FANG SHU\DESKTOP\ADV-GDEV\DM2231_FRAMEWORK\BASE\DEBUG\TRANSFORM.OBJ
C:\USERS\KOH FANG SHU\DESKTOP\ADV-GDEV\DM2231_FRAMEWORK\BASE\DEBUG\UTILITY.OBJ
C:\Users\Koh Fang Shu\Desktop\Adv-GDev\DM2231_Framework\Base\Debug\vc100.idb
C:\USERS\KOH FANG SHU\DESKTOP\ADV-GDEV\DM2231_FRAMEWORK\BASE\DEBUG\VC100.PDB
C:\USERS\KOH FANG SHU\DESKTOP\ADV-GDEV\DM2231_FRAMEWORK\BASE\DEBUG\WEAPON.OBJ
C:\USERS\KOH FANG SHU\DESKTOP\ADV-GDEV\DM2231_FRAMEWORK\DEBUG\BASE.EXE
C:\USERS\KOH FANG SHU\DESKTOP\ADV-GDEV\DM2231_FRAMEWORK\DEBUG\BASE.PDB
