Build started 27/11/2015 3:44:45 PM.
     1>Project "C:\Users\Envy 15.Envy\Documents\School Work\Semester 4\DM2240 AGDev (Git)\Y2S2_Framework\Base\Base.vcxproj" on node 2 (Build target(s)).
     1>ClCompile:
         C:\Program Files (x86)\Microsoft Visual Studio 10.0\VC\bin\CL.exe /c /I"C:\Users\Envy 15.Envy\Documents\School Work\Semester 4\DM2240 AGDev (Git)\Y2S2_Framework\/Common/Source" /I"C:\Users\Envy 15.Envy\Documents\School Work\Semester 4\DM2240 AGDev (Git)\Y2S2_Framework\/glew/include" /I"C:\Users\Envy 15.Envy\Documents\School Work\Semester 4\DM2240 AGDev (Git)\Y2S2_Framework\/glfw/include" /Zi /nologo /W3 /WX- /O2 /Oi /Oy- /GL /D _VARIADIC_MAX=10 /D WIN32 /D NDEBUG /D _CONSOLE /D _UNICODE /D UNICODE /Gm- /EHsc /MD /GS /Gy /fp:precise /Zc:wchar_t /Zc:forScope /Fo"Release\\" /Fd"Release\vc100.pdb" /Gd /TP /analyze- /errorReport:prompt Source\SceneManager.cpp
         SceneManager.cpp
     1>Source\SceneManager.cpp(296): warning C4244: '-=' : conversion from 'double' to 'float', possible loss of data
     1>Source\SceneManager.cpp(297): warning C4244: 'argument' : conversion from 'double' to 'const float', possible loss of data
     1>Source\SceneManager.cpp(554): warning C4244: 'argument' : conversion from 'int' to 'float', possible loss of data
     1>Source\SceneManager.cpp(554): warning C4244: 'argument' : conversion from 'int' to 'float', possible loss of data
     1>Source\SceneManager.cpp(554): warning C4244: 'argument' : conversion from 'int' to 'float', possible loss of data
     1>Source\SceneManager.cpp(665): warning C4244: 'argument' : conversion from 'int' to 'float', possible loss of data
     1>Source\SceneManager.cpp(665): warning C4244: 'argument' : conversion from 'int' to 'float', possible loss of data
     1>Source\SceneManager.cpp(748): warning C4244: 'argument' : conversion from 'const float' to 'const int', possible loss of data
     1>Source\SceneManager.cpp(748): warning C4244: 'argument' : conversion from 'const float' to 'const int', possible loss of data
       Link:
         C:\Program Files (x86)\Microsoft Visual Studio 10.0\VC\bin\link.exe /ERRORREPORT:PROMPT /OUT:"C:\Users\Envy 15.Envy\Documents\School Work\Semester 4\DM2240 AGDev (Git)\Y2S2_Framework\Release\Base.exe" /INCREMENTAL:NO /NOLOGO /LIBPATH:"C:\Users\Envy 15.Envy\Documents\School Work\Semester 4\DM2240 AGDev (Git)\Y2S2_Framework\Release" /LIBPATH:"C:\Users\Envy 15.Envy\Documents\School Work\Semester 4\DM2240 AGDev (Git)\Y2S2_Framework\/glfw/lib-msvc100" /LIBPATH:"C:\Users\Envy 15.Envy\Documents\School Work\Semester 4\DM2240 AGDev (Git)\Y2S2_Framework\/glew/lib" Common.lib winmm.lib opengl32.lib glu32.lib glew32.lib glfw3.lib kernel32.lib user32.lib gdi32.lib winspool.lib comdlg32.lib advapi32.lib shell32.lib ole32.lib oleaut32.lib uuid.lib odbc32.lib odbccp32.lib /MANIFEST /ManifestFile:"Release\Base.exe.intermediate.manifest" /MANIFESTUAC:"level='asInvoker' uiAccess='false'" /DEBUG /PDB:"C:\Users\Envy 15.Envy\Documents\School Work\Semester 4\DM2240 AGDev (Git)\Y2S2_Framework\Release\Base.pdb" /SUBSYSTEM:CONSOLE /OPT:REF /OPT:ICF /LTCG /TLBID:1 /DYNAMICBASE /NXCOMPAT /IMPLIB:"C:\Users\Envy 15.Envy\Documents\School Work\Semester 4\DM2240 AGDev (Git)\Y2S2_Framework\Release\Base.lib" /MACHINE:X86 Release\Application.obj
         Release\Camera.obj
         Release\Camera3.obj
         Release\Enemy.obj
         Release\GameStateManager.obj
         Release\Goodies.obj
         Release\GoodiesFactory.obj
         Release\IntroState.obj
         Release\LoadOBJ.obj
         Release\LoadTGA.obj
         Release\main.obj
         Release\Map.obj
         Release\MenuState.obj
         Release\Mesh.obj
         Release\MeshBuilder.obj
         Release\Minimap.obj
         Release\Occlusion.obj
         Release\PlayerInfo.obj
         Release\PlayInfo3PV.obj
         Release\PlayState.obj
         Release\Projectile.obj
         Release\ProjectileManager.obj
         Release\Model.obj
         Release\Node.obj
         Release\SceneNode.obj
         Release\Transform.obj
         Release\SceneManager.obj
         Release\SceneManager2D.obj
         Release\shader.obj
         Release\Grid.obj
         Release\SpatialPartition.obj
         Release\Strategy.obj
         Release\Strategy_Kill.obj
         Release\TreasureChest.obj
         Release\Utility.obj
         Generating code
         Finished generating code
         Base.vcxproj -> C:\Users\Envy 15.Envy\Documents\School Work\Semester 4\DM2240 AGDev (Git)\Y2S2_Framework\Release\Base.exe
       Manifest:
         C:\Program Files (x86)\Microsoft SDKs\Windows\v7.0A\bin\mt.exe /nologo /verbose /outputresource:"C:\Users\Envy 15.Envy\Documents\School Work\Semester 4\DM2240 AGDev (Git)\Y2S2_Framework\Release\Base.exe;#1" /manifest Release\Base.exe.intermediate.manifest
     1>Done Building Project "C:\Users\Envy 15.Envy\Documents\School Work\Semester 4\DM2240 AGDev (Git)\Y2S2_Framework\Base\Base.vcxproj" (Build target(s)).

Build succeeded.

Time Elapsed 00:00:03.15
