C:\USERS\ENVY 15.ENVY\DOCUMENTS\SCHOOL WORK\SEMESTER 4\DM2240 AGDEV (GIT)\Y2S2_FRAMEWORK\BASE\RELEASE\APPLICATION.OBJ
C:\USERS\ENVY 15.ENVY\DOCUMENTS\SCHOOL WORK\SEMESTER 4\DM2240 AGDEV (GIT)\Y2S2_FRAMEWORK\BASE\RELEASE\BASE.EXE.INTERMEDIATE.MANIFEST
C:\USERS\ENVY 15.ENVY\DOCUMENTS\SCHOOL WORK\SEMESTER 4\DM2240 AGDEV (GIT)\Y2S2_FRAMEWORK\BASE\RELEASE\CAMERA.OBJ
C:\USERS\ENVY 15.ENVY\DOCUMENTS\SCHOOL WORK\SEMESTER 4\DM2240 AGDEV (GIT)\Y2S2_FRAMEWORK\BASE\RELEASE\CAMERA3.OBJ
C:\Users\Envy 15.Envy\Documents\School Work\Semester 4\DM2240 AGDev (Git)\Y2S2_Framework\Base\Release\cl.command.1.tlog
C:\Users\Envy 15.Envy\Documents\School Work\Semester 4\DM2240 AGDev (Git)\Y2S2_Framework\Base\Release\CL.read.1.tlog
C:\Users\Envy 15.Envy\Documents\School Work\Semester 4\DM2240 AGDev (Git)\Y2S2_Framework\Base\Release\CL.write.1.tlog
C:\USERS\ENVY 15.ENVY\DOCUMENTS\SCHOOL WORK\SEMESTER 4\DM2240 AGDEV (GIT)\Y2S2_FRAMEWORK\BASE\RELEASE\ENEMY.OBJ
C:\USERS\ENVY 15.ENVY\DOCUMENTS\SCHOOL WORK\SEMESTER 4\DM2240 AGDEV (GIT)\Y2S2_FRAMEWORK\BASE\RELEASE\GAMESTATEMANAGER.OBJ
C:\USERS\ENVY 15.ENVY\DOCUMENTS\SCHOOL WORK\SEMESTER 4\DM2240 AGDEV (GIT)\Y2S2_FRAMEWORK\BASE\RELEASE\GOODIES.OBJ
C:\USERS\ENVY 15.ENVY\DOCUMENTS\SCHOOL WORK\SEMESTER 4\DM2240 AGDEV (GIT)\Y2S2_FRAMEWORK\BASE\RELEASE\GOODIESFACTORY.OBJ
C:\USERS\ENVY 15.ENVY\DOCUMENTS\SCHOOL WORK\SEMESTER 4\DM2240 AGDEV (GIT)\Y2S2_FRAMEWORK\BASE\RELEASE\GRID.OBJ
C:\USERS\ENVY 15.ENVY\DOCUMENTS\SCHOOL WORK\SEMESTER 4\DM2240 AGDEV (GIT)\Y2S2_FRAMEWORK\BASE\RELEASE\INTROSTATE.OBJ
C:\Users\Envy 15.Envy\Documents\School Work\Semester 4\DM2240 AGDev (Git)\Y2S2_Framework\Base\Release\link.command.1.tlog
C:\Users\Envy 15.Envy\Documents\School Work\Semester 4\DM2240 AGDev (Git)\Y2S2_Framework\Base\Release\link.read.1.tlog
C:\Users\Envy 15.Envy\Documents\School Work\Semester 4\DM2240 AGDev (Git)\Y2S2_Framework\Base\Release\link.write.1.tlog
C:\USERS\ENVY 15.ENVY\DOCUMENTS\SCHOOL WORK\SEMESTER 4\DM2240 AGDEV (GIT)\Y2S2_FRAMEWORK\BASE\RELEASE\LOADOBJ.OBJ
C:\USERS\ENVY 15.ENVY\DOCUMENTS\SCHOOL WORK\SEMESTER 4\DM2240 AGDEV (GIT)\Y2S2_FRAMEWORK\BASE\RELEASE\LOADTGA.OBJ
C:\USERS\ENVY 15.ENVY\DOCUMENTS\SCHOOL WORK\SEMESTER 4\DM2240 AGDEV (GIT)\Y2S2_FRAMEWORK\BASE\RELEASE\MAIN.OBJ
C:\USERS\ENVY 15.ENVY\DOCUMENTS\SCHOOL WORK\SEMESTER 4\DM2240 AGDEV (GIT)\Y2S2_FRAMEWORK\BASE\RELEASE\MAP.OBJ
C:\USERS\ENVY 15.ENVY\DOCUMENTS\SCHOOL WORK\SEMESTER 4\DM2240 AGDEV (GIT)\Y2S2_FRAMEWORK\BASE\RELEASE\MENUSTATE.OBJ
C:\USERS\ENVY 15.ENVY\DOCUMENTS\SCHOOL WORK\SEMESTER 4\DM2240 AGDEV (GIT)\Y2S2_FRAMEWORK\BASE\RELEASE\MESH.OBJ
C:\USERS\ENVY 15.ENVY\DOCUMENTS\SCHOOL WORK\SEMESTER 4\DM2240 AGDEV (GIT)\Y2S2_FRAMEWORK\BASE\RELEASE\MESHBUILDER.OBJ
C:\USERS\ENVY 15.ENVY\DOCUMENTS\SCHOOL WORK\SEMESTER 4\DM2240 AGDEV (GIT)\Y2S2_FRAMEWORK\BASE\RELEASE\MINIMAP.OBJ
C:\USERS\ENVY 15.ENVY\DOCUMENTS\SCHOOL WORK\SEMESTER 4\DM2240 AGDEV (GIT)\Y2S2_FRAMEWORK\BASE\RELEASE\MODEL.OBJ
C:\Users\Envy 15.Envy\Documents\School Work\Semester 4\DM2240 AGDev (Git)\Y2S2_Framework\Base\Release\mt.command.1.tlog
C:\Users\Envy 15.Envy\Documents\School Work\Semester 4\DM2240 AGDev (Git)\Y2S2_Framework\Base\Release\mt.read.1.tlog
C:\Users\Envy 15.Envy\Documents\School Work\Semester 4\DM2240 AGDev (Git)\Y2S2_Framework\Base\Release\mt.write.1.tlog
C:\USERS\ENVY 15.ENVY\DOCUMENTS\SCHOOL WORK\SEMESTER 4\DM2240 AGDEV (GIT)\Y2S2_FRAMEWORK\BASE\RELEASE\NODE.OBJ
C:\USERS\ENVY 15.ENVY\DOCUMENTS\SCHOOL WORK\SEMESTER 4\DM2240 AGDEV (GIT)\Y2S2_FRAMEWORK\BASE\RELEASE\OCCLUSION.OBJ
C:\USERS\ENVY 15.ENVY\DOCUMENTS\SCHOOL WORK\SEMESTER 4\DM2240 AGDEV (GIT)\Y2S2_FRAMEWORK\BASE\RELEASE\PLAYERINFO.OBJ
C:\USERS\ENVY 15.ENVY\DOCUMENTS\SCHOOL WORK\SEMESTER 4\DM2240 AGDEV (GIT)\Y2S2_FRAMEWORK\BASE\RELEASE\PLAYINFO3PV.OBJ
C:\USERS\ENVY 15.ENVY\DOCUMENTS\SCHOOL WORK\SEMESTER 4\DM2240 AGDEV (GIT)\Y2S2_FRAMEWORK\BASE\RELEASE\PLAYSTATE.OBJ
C:\USERS\ENVY 15.ENVY\DOCUMENTS\SCHOOL WORK\SEMESTER 4\DM2240 AGDEV (GIT)\Y2S2_FRAMEWORK\BASE\RELEASE\SCENEMANAGER.OBJ
C:\USERS\ENVY 15.ENVY\DOCUMENTS\SCHOOL WORK\SEMESTER 4\DM2240 AGDEV (GIT)\Y2S2_FRAMEWORK\BASE\RELEASE\SCENEMANAGER2D.OBJ
C:\USERS\ENVY 15.ENVY\DOCUMENTS\SCHOOL WORK\SEMESTER 4\DM2240 AGDEV (GIT)\Y2S2_FRAMEWORK\BASE\RELEASE\SCENENODE.OBJ
C:\USERS\ENVY 15.ENVY\DOCUMENTS\SCHOOL WORK\SEMESTER 4\DM2240 AGDEV (GIT)\Y2S2_FRAMEWORK\BASE\RELEASE\SHADER.OBJ
C:\USERS\ENVY 15.ENVY\DOCUMENTS\SCHOOL WORK\SEMESTER 4\DM2240 AGDEV (GIT)\Y2S2_FRAMEWORK\BASE\RELEASE\SPATIALPARTITION.OBJ
C:\USERS\ENVY 15.ENVY\DOCUMENTS\SCHOOL WORK\SEMESTER 4\DM2240 AGDEV (GIT)\Y2S2_FRAMEWORK\BASE\RELEASE\STRATEGY.OBJ
C:\USERS\ENVY 15.ENVY\DOCUMENTS\SCHOOL WORK\SEMESTER 4\DM2240 AGDEV (GIT)\Y2S2_FRAMEWORK\BASE\RELEASE\STRATEGY_KILL.OBJ
C:\USERS\ENVY 15.ENVY\DOCUMENTS\SCHOOL WORK\SEMESTER 4\DM2240 AGDEV (GIT)\Y2S2_FRAMEWORK\BASE\RELEASE\TRANSFORM.OBJ
C:\USERS\ENVY 15.ENVY\DOCUMENTS\SCHOOL WORK\SEMESTER 4\DM2240 AGDEV (GIT)\Y2S2_FRAMEWORK\BASE\RELEASE\TREASURECHEST.OBJ
C:\USERS\ENVY 15.ENVY\DOCUMENTS\SCHOOL WORK\SEMESTER 4\DM2240 AGDEV (GIT)\Y2S2_FRAMEWORK\BASE\RELEASE\UTILITY.OBJ
C:\USERS\ENVY 15.ENVY\DOCUMENTS\SCHOOL WORK\SEMESTER 4\DM2240 AGDEV (GIT)\Y2S2_FRAMEWORK\BASE\RELEASE\VC100.PDB
C:\USERS\ENVY 15.ENVY\DOCUMENTS\SCHOOL WORK\SEMESTER 4\DM2240 AGDEV (GIT)\Y2S2_FRAMEWORK\RELEASE\BASE.EXE
C:\USERS\ENVY 15.ENVY\DOCUMENTS\SCHOOL WORK\SEMESTER 4\DM2240 AGDEV (GIT)\Y2S2_FRAMEWORK\RELEASE\BASE.PDB
