C:\USERS\ENVY 15.ENVY\DOCUMENTS\SCHOOL WORK\SEMESTER 4\DM2240 AGDEV (GIT)\Y2S2_FRAMEWORK\BASE\DEBUG\APPLICATION.OBJ
C:\USERS\ENVY 15.ENVY\DOCUMENTS\SCHOOL WORK\SEMESTER 4\DM2240 AGDEV (GIT)\Y2S2_FRAMEWORK\BASE\DEBUG\BASE.EXE.INTERMEDIATE.MANIFEST
C:\USERS\ENVY 15.ENVY\DOCUMENTS\SCHOOL WORK\SEMESTER 4\DM2240 AGDEV (GIT)\Y2S2_FRAMEWORK\BASE\DEBUG\CAMERA.OBJ
C:\USERS\ENVY 15.ENVY\DOCUMENTS\SCHOOL WORK\SEMESTER 4\DM2240 AGDEV (GIT)\Y2S2_FRAMEWORK\BASE\DEBUG\CAMERA3.OBJ
C:\Users\Envy 15.Envy\Documents\School Work\Semester 4\DM2240 AGDev (Git)\Y2S2_Framework\Base\Debug\cl.command.1.tlog
C:\Users\Envy 15.Envy\Documents\School Work\Semester 4\DM2240 AGDev (Git)\Y2S2_Framework\Base\Debug\CL.read.1.tlog
C:\Users\Envy 15.Envy\Documents\School Work\Semester 4\DM2240 AGDev (Git)\Y2S2_Framework\Base\Debug\CL.write.1.tlog
C:\USERS\ENVY 15.ENVY\DOCUMENTS\SCHOOL WORK\SEMESTER 4\DM2240 AGDEV (GIT)\Y2S2_FRAMEWORK\BASE\DEBUG\ENEMY.OBJ
C:\USERS\ENVY 15.ENVY\DOCUMENTS\SCHOOL WORK\SEMESTER 4\DM2240 AGDEV (GIT)\Y2S2_FRAMEWORK\BASE\DEBUG\GAMESTATEMANAGER.OBJ
C:\USERS\ENVY 15.ENVY\DOCUMENTS\SCHOOL WORK\SEMESTER 4\DM2240 AGDEV (GIT)\Y2S2_FRAMEWORK\BASE\DEBUG\GOODIES.OBJ
C:\USERS\ENVY 15.ENVY\DOCUMENTS\SCHOOL WORK\SEMESTER 4\DM2240 AGDEV (GIT)\Y2S2_FRAMEWORK\BASE\DEBUG\GOODIESFACTORY.OBJ
C:\USERS\ENVY 15.ENVY\DOCUMENTS\SCHOOL WORK\SEMESTER 4\DM2240 AGDEV (GIT)\Y2S2_FRAMEWORK\BASE\DEBUG\GRID.OBJ
C:\USERS\ENVY 15.ENVY\DOCUMENTS\SCHOOL WORK\SEMESTER 4\DM2240 AGDEV (GIT)\Y2S2_FRAMEWORK\BASE\DEBUG\INTROSTATE.OBJ
C:\Users\Envy 15.Envy\Documents\School Work\Semester 4\DM2240 AGDev (Git)\Y2S2_Framework\Base\Debug\link.command.1.tlog
C:\Users\Envy 15.Envy\Documents\School Work\Semester 4\DM2240 AGDev (Git)\Y2S2_Framework\Base\Debug\link.read.1.tlog
C:\Users\Envy 15.Envy\Documents\School Work\Semester 4\DM2240 AGDev (Git)\Y2S2_Framework\Base\Debug\link.write.1.tlog
C:\USERS\ENVY 15.ENVY\DOCUMENTS\SCHOOL WORK\SEMESTER 4\DM2240 AGDEV (GIT)\Y2S2_FRAMEWORK\BASE\DEBUG\LOADOBJ.OBJ
C:\USERS\ENVY 15.ENVY\DOCUMENTS\SCHOOL WORK\SEMESTER 4\DM2240 AGDEV (GIT)\Y2S2_FRAMEWORK\BASE\DEBUG\LOADTGA.OBJ
C:\USERS\ENVY 15.ENVY\DOCUMENTS\SCHOOL WORK\SEMESTER 4\DM2240 AGDEV (GIT)\Y2S2_FRAMEWORK\BASE\DEBUG\MAIN.OBJ
C:\USERS\ENVY 15.ENVY\DOCUMENTS\SCHOOL WORK\SEMESTER 4\DM2240 AGDEV (GIT)\Y2S2_FRAMEWORK\BASE\DEBUG\MAP.OBJ
C:\USERS\ENVY 15.ENVY\DOCUMENTS\SCHOOL WORK\SEMESTER 4\DM2240 AGDEV (GIT)\Y2S2_FRAMEWORK\BASE\DEBUG\MENUSTATE.OBJ
C:\USERS\ENVY 15.ENVY\DOCUMENTS\SCHOOL WORK\SEMESTER 4\DM2240 AGDEV (GIT)\Y2S2_FRAMEWORK\BASE\DEBUG\MESH.OBJ
C:\USERS\ENVY 15.ENVY\DOCUMENTS\SCHOOL WORK\SEMESTER 4\DM2240 AGDEV (GIT)\Y2S2_FRAMEWORK\BASE\DEBUG\MESHBUILDER.OBJ
C:\USERS\ENVY 15.ENVY\DOCUMENTS\SCHOOL WORK\SEMESTER 4\DM2240 AGDEV (GIT)\Y2S2_FRAMEWORK\BASE\DEBUG\MINIMAP.OBJ
C:\USERS\ENVY 15.ENVY\DOCUMENTS\SCHOOL WORK\SEMESTER 4\DM2240 AGDEV (GIT)\Y2S2_FRAMEWORK\BASE\DEBUG\MODEL.OBJ
C:\Users\Envy 15.Envy\Documents\School Work\Semester 4\DM2240 AGDev (Git)\Y2S2_Framework\Base\Debug\mt.command.1.tlog
C:\Users\Envy 15.Envy\Documents\School Work\Semester 4\DM2240 AGDev (Git)\Y2S2_Framework\Base\Debug\mt.read.1.tlog
C:\Users\Envy 15.Envy\Documents\School Work\Semester 4\DM2240 AGDev (Git)\Y2S2_Framework\Base\Debug\mt.write.1.tlog
C:\USERS\ENVY 15.ENVY\DOCUMENTS\SCHOOL WORK\SEMESTER 4\DM2240 AGDEV (GIT)\Y2S2_FRAMEWORK\BASE\DEBUG\NODE.OBJ
C:\USERS\ENVY 15.ENVY\DOCUMENTS\SCHOOL WORK\SEMESTER 4\DM2240 AGDEV (GIT)\Y2S2_FRAMEWORK\BASE\DEBUG\OCCLUSION.OBJ
C:\USERS\ENVY 15.ENVY\DOCUMENTS\SCHOOL WORK\SEMESTER 4\DM2240 AGDEV (GIT)\Y2S2_FRAMEWORK\BASE\DEBUG\PLAYERINFO.OBJ
C:\USERS\ENVY 15.ENVY\DOCUMENTS\SCHOOL WORK\SEMESTER 4\DM2240 AGDEV (GIT)\Y2S2_FRAMEWORK\BASE\DEBUG\PLAYINFO3PV.OBJ
C:\USERS\ENVY 15.ENVY\DOCUMENTS\SCHOOL WORK\SEMESTER 4\DM2240 AGDEV (GIT)\Y2S2_FRAMEWORK\BASE\DEBUG\PLAYSTATE.OBJ
C:\USERS\ENVY 15.ENVY\DOCUMENTS\SCHOOL WORK\SEMESTER 4\DM2240 AGDEV (GIT)\Y2S2_FRAMEWORK\BASE\DEBUG\PROJECTILE.OBJ
C:\USERS\ENVY 15.ENVY\DOCUMENTS\SCHOOL WORK\SEMESTER 4\DM2240 AGDEV (GIT)\Y2S2_FRAMEWORK\BASE\DEBUG\PROJECTILEMANAGER.OBJ
C:\USERS\ENVY 15.ENVY\DOCUMENTS\SCHOOL WORK\SEMESTER 4\DM2240 AGDEV (GIT)\Y2S2_FRAMEWORK\BASE\DEBUG\SCENEMANAGER.OBJ
C:\USERS\ENVY 15.ENVY\DOCUMENTS\SCHOOL WORK\SEMESTER 4\DM2240 AGDEV (GIT)\Y2S2_FRAMEWORK\BASE\DEBUG\SCENEMANAGER2D.OBJ
C:\USERS\ENVY 15.ENVY\DOCUMENTS\SCHOOL WORK\SEMESTER 4\DM2240 AGDEV (GIT)\Y2S2_FRAMEWORK\BASE\DEBUG\SCENENODE.OBJ
C:\USERS\ENVY 15.ENVY\DOCUMENTS\SCHOOL WORK\SEMESTER 4\DM2240 AGDEV (GIT)\Y2S2_FRAMEWORK\BASE\DEBUG\SHADER.OBJ
C:\USERS\ENVY 15.ENVY\DOCUMENTS\SCHOOL WORK\SEMESTER 4\DM2240 AGDEV (GIT)\Y2S2_FRAMEWORK\BASE\DEBUG\SPATIALPARTITION.OBJ
C:\USERS\ENVY 15.ENVY\DOCUMENTS\SCHOOL WORK\SEMESTER 4\DM2240 AGDEV (GIT)\Y2S2_FRAMEWORK\BASE\DEBUG\STRATEGY.OBJ
C:\USERS\ENVY 15.ENVY\DOCUMENTS\SCHOOL WORK\SEMESTER 4\DM2240 AGDEV (GIT)\Y2S2_FRAMEWORK\BASE\DEBUG\STRATEGY_KILL.OBJ
C:\USERS\ENVY 15.ENVY\DOCUMENTS\SCHOOL WORK\SEMESTER 4\DM2240 AGDEV (GIT)\Y2S2_FRAMEWORK\BASE\DEBUG\TRANSFORM.OBJ
C:\USERS\ENVY 15.ENVY\DOCUMENTS\SCHOOL WORK\SEMESTER 4\DM2240 AGDEV (GIT)\Y2S2_FRAMEWORK\BASE\DEBUG\TREASURECHEST.OBJ
C:\USERS\ENVY 15.ENVY\DOCUMENTS\SCHOOL WORK\SEMESTER 4\DM2240 AGDEV (GIT)\Y2S2_FRAMEWORK\BASE\DEBUG\UTILITY.OBJ
C:\Users\Envy 15.Envy\Documents\School Work\Semester 4\DM2240 AGDev (Git)\Y2S2_Framework\Base\Debug\vc100.idb
C:\USERS\ENVY 15.ENVY\DOCUMENTS\SCHOOL WORK\SEMESTER 4\DM2240 AGDEV (GIT)\Y2S2_FRAMEWORK\BASE\DEBUG\VC100.PDB
C:\USERS\ENVY 15.ENVY\DOCUMENTS\SCHOOL WORK\SEMESTER 4\DM2240 AGDEV (GIT)\Y2S2_FRAMEWORK\DEBUG\BASE.EXE
C:\USERS\ENVY 15.ENVY\DOCUMENTS\SCHOOL WORK\SEMESTER 4\DM2240 AGDEV (GIT)\Y2S2_FRAMEWORK\DEBUG\BASE.PDB
