Build started 30/10/2015 3:16:49 PM.
     1>Project "C:\Users\Envy 15.Envy\Documents\School Work\Semester 4\DM2240 AGDev\Y2S2_Framework\Base\Base.vcxproj" on node 2 (Build target(s)).
     1>ClCompile:
         C:\Program Files (x86)\Microsoft Visual Studio 10.0\VC\bin\CL.exe /c /I"C:\Users\Envy 15.Envy\Documents\School Work\Semester 4\DM2240 AGDev\Y2S2_Framework\/Common/Source" /I"C:\Users\Envy 15.Envy\Documents\School Work\Semester 4\DM2240 AGDev\Y2S2_Framework\/glew/include" /I"C:\Users\Envy 15.Envy\Documents\School Work\Semester 4\DM2240 AGDev\Y2S2_Framework\/glfw/include" /ZI /nologo /W3 /WX- /Od /Oy- /D _VARIADIC_MAX=10 /D WIN32 /D _DEBUG /D _CONSOLE /D _UNICODE /D UNICODE /Gm /EHsc /RTC1 /MDd /GS /fp:precise /Zc:wchar_t /Zc:forScope /Fo"Debug\\" /Fd"Debug\vc100.pdb" /Gd /TP /analyze- /errorReport:prompt Source\PlayInfo3PV.cpp
         PlayInfo3PV.cpp
     1>c:\users\envy 15.envy\documents\school work\semester 4\dm2240 agdev\y2s2_framework\base\source\playinfo3pv.cpp(82): warning C4244: '=' : conversion from 'int' to 'float', possible loss of data
     1>c:\users\envy 15.envy\documents\school work\semester 4\dm2240 agdev\y2s2_framework\base\source\playinfo3pv.cpp(88): warning C4244: '=' : conversion from 'int' to 'float', possible loss of data
     1>c:\users\envy 15.envy\documents\school work\semester 4\dm2240 agdev\y2s2_framework\base\source\playinfo3pv.cpp(94): warning C4244: '=' : conversion from 'int' to 'float', possible loss of data
     1>c:\users\envy 15.envy\documents\school work\semester 4\dm2240 agdev\y2s2_framework\base\source\playinfo3pv.cpp(158): warning C4244: 'return' : conversion from 'float' to 'int', possible loss of data
     1>c:\users\envy 15.envy\documents\school work\semester 4\dm2240 agdev\y2s2_framework\base\source\playinfo3pv.cpp(164): warning C4244: 'return' : conversion from 'float' to 'int', possible loss of data
     1>c:\users\envy 15.envy\documents\school work\semester 4\dm2240 agdev\y2s2_framework\base\source\playinfo3pv.cpp(170): warning C4244: 'return' : conversion from 'float' to 'int', possible loss of data
     1>c:\users\envy 15.envy\documents\school work\semester 4\dm2240 agdev\y2s2_framework\base\source\playinfo3pv.cpp(215): warning C4244: '=' : conversion from 'const int' to 'float', possible loss of data
     1>c:\users\envy 15.envy\documents\school work\semester 4\dm2240 agdev\y2s2_framework\base\source\playinfo3pv.cpp(219): warning C4244: '=' : conversion from 'const int' to 'float', possible loss of data
     1>c:\users\envy 15.envy\documents\school work\semester 4\dm2240 agdev\y2s2_framework\base\source\playinfo3pv.cpp(223): warning C4244: '=' : conversion from 'const int' to 'float', possible loss of data
     1>c:\users\envy 15.envy\documents\school work\semester 4\dm2240 agdev\y2s2_framework\base\source\playinfo3pv.cpp(225): warning C4244: '=' : conversion from 'const int' to 'float', possible loss of data
     1>c:\users\envy 15.envy\documents\school work\semester 4\dm2240 agdev\y2s2_framework\base\source\playinfo3pv.cpp(245): warning C4244: 'argument' : conversion from 'double' to 'const float', possible loss of data
     1>c:\users\envy 15.envy\documents\school work\semester 4\dm2240 agdev\y2s2_framework\base\source\playinfo3pv.cpp(253): warning C4244: 'argument' : conversion from 'double' to 'const float', possible loss of data
     1>c:\users\envy 15.envy\documents\school work\semester 4\dm2240 agdev\y2s2_framework\base\source\playinfo3pv.cpp(261): warning C4244: 'argument' : conversion from 'double' to 'const float', possible loss of data
     1>c:\users\envy 15.envy\documents\school work\semester 4\dm2240 agdev\y2s2_framework\base\source\playinfo3pv.cpp(269): warning C4244: 'argument' : conversion from 'double' to 'const float', possible loss of data
       Link:
         C:\Program Files (x86)\Microsoft Visual Studio 10.0\VC\bin\link.exe /ERRORREPORT:PROMPT /OUT:"C:\Users\Envy 15.Envy\Documents\School Work\Semester 4\DM2240 AGDev\Y2S2_Framework\Debug\Base.exe" /INCREMENTAL:NO /NOLOGO /LIBPATH:"C:\Users\Envy 15.Envy\Documents\School Work\Semester 4\DM2240 AGDev\Y2S2_Framework\Debug" /LIBPATH:"C:\Users\Envy 15.Envy\Documents\School Work\Semester 4\DM2240 AGDev\Y2S2_Framework\/glfw/lib-msvc100" /LIBPATH:"C:\Users\Envy 15.Envy\Documents\School Work\Semester 4\DM2240 AGDev\Y2S2_Framework\/glew/lib" Common.lib winmm.lib opengl32.lib glu32.lib glew32.lib glfw3.lib kernel32.lib user32.lib gdi32.lib winspool.lib comdlg32.lib advapi32.lib shell32.lib ole32.lib oleaut32.lib uuid.lib odbc32.lib odbccp32.lib /MANIFEST /ManifestFile:"Debug\Base.exe.intermediate.manifest" /MANIFESTUAC:"level='asInvoker' uiAccess='false'" /DEBUG /PDB:"C:\Users\Envy 15.Envy\Documents\School Work\Semester 4\DM2240 AGDev\Y2S2_Framework\Debug\Base.pdb" /SUBSYSTEM:CONSOLE /TLBID:1 /DYNAMICBASE /NXCOMPAT /IMPLIB:"C:\Users\Envy 15.Envy\Documents\School Work\Semester 4\DM2240 AGDev\Y2S2_Framework\Debug\Base.lib" /MACHINE:X86 Debug\Application.obj
         Debug\Camera.obj
         Debug\Camera3.obj
         Debug\Enemy.obj
         Debug\Goodies.obj
         Debug\GoodiesFactory.obj
         Debug\LoadOBJ.obj
         Debug\LoadTGA.obj
         Debug\main.obj
         Debug\Map.obj
         Debug\Mesh.obj
         Debug\MeshBuilder.obj
         Debug\Minimap.obj
         Debug\PlayerInfo.obj
         Debug\PlayInfo3PV.obj
         Debug\SceneManager.obj
         Debug\SceneManager2D.obj
         Debug\shader.obj
         Debug\Strategy.obj
         Debug\Strategy_Kill.obj
         Debug\TreasureChest.obj
         Debug\Utility.obj
     1>Application.obj : warning LNK4075: ignoring '/EDITANDCONTINUE' due to '/INCREMENTAL:NO' specification
     1>LINK : warning LNK4098: defaultlib 'MSVCRT' conflicts with use of other libs; use /NODEFAULTLIB:library
         Base.vcxproj -> C:\Users\Envy 15.Envy\Documents\School Work\Semester 4\DM2240 AGDev\Y2S2_Framework\Debug\Base.exe
       Manifest:
         C:\Program Files (x86)\Microsoft SDKs\Windows\v7.0A\bin\mt.exe /nologo /verbose /outputresource:"C:\Users\Envy 15.Envy\Documents\School Work\Semester 4\DM2240 AGDev\Y2S2_Framework\Debug\Base.exe;#1" /manifest Debug\Base.exe.intermediate.manifest
     1>Done Building Project "C:\Users\Envy 15.Envy\Documents\School Work\Semester 4\DM2240 AGDev\Y2S2_Framework\Base\Base.vcxproj" (Build target(s)).

Build succeeded.

Time Elapsed 00:00:10.59
